<?xml version="1.0" encoding="UTF-8"?>
<!-- Generated by org.testng.reporters.JUnitXMLReporter -->
<testsuite hostname="mrli-PC" ignored="0" name="Command line test" tests="5" failures="0" timestamp="28 Dec 2016 23:24:16 GMT" time="31.367" errors="0">
  <testcase name="test" time="2.896" classname="com.expedia.flightsbooking.FrameworkTestCase"/>
  <testcase name="AudiA6" time="0.001" classname="com.expedia.flightsbooking.TestNG_Grouping"/>
  <testcase name="BMW3Series" time="0.001" classname="com.expedia.flightsbooking.TestNG_Grouping"/>
  <testcase name="BMWX3" time="0.001" classname="com.expedia.flightsbooking.TestNG_Grouping"/>
  <testcase name="HondaAccord" time="0.0" classname="com.expedia.flightsbooking.TestNG_Grouping"/>
</testsuite> <!-- Command line test -->
